<?xml version="1.0" encoding="UTF-8"?>
<!-- Generated by org.testng.reporters.JUnitReportReporter -->
<testsuite hostname="DESKTOP-6DOC790" failures="0" tests="1" name="Test.WelcomePageTest" time="7.817" errors="0" timestamp="2024-03-16T14:50:12 PKT" skipped="0">
  <testcase classname="Test.WelcomePageTest" name="sf" time="7.817"/>
  <system-out/>
</testsuite> <!-- Test.WelcomePageTest -->
