<?xml version="1.0" encoding="UTF-8"?>
<!-- Generated by org.testng.reporters.JUnitReportReporter -->
<testsuite hostname="DESKTOP-6DOC790" failures="0" tests="1" name="TestLogin.TestLog" time="14.383" errors="0" timestamp="2024-01-31T09:33:26 PKT" skipped="0">
  <testcase classname="TestLogin.TestLog" name="testLogin" time="14.383"/>
  <system-out/>
</testsuite> <!-- TestLogin.TestLog -->
